-------------------------------------------------------------------------------
Test set: com.example.demo.HomeControllerTest
-------------------------------------------------------------------------------
Tests run: 1, Failures: 1, Errors: 0, Skipped: 0, Time elapsed: 2.075 s <<< FAILURE! - in com.example.demo.HomeControllerTest
testHomePage(com.example.demo.HomeControllerTest)  Time elapsed: 0.159 s  <<< FAILURE!
java.lang.AssertionError: Status expected:<200> but was:<404>
	at com.example.demo.HomeControllerTest.testHomePage(HomeControllerTest.java:29)

