<?xml version="1.0" encoding="UTF-8"?>
<testsuite xmlns:xsi="http://www.w3.org/2001/XMLSchema-instance" xsi:noNamespaceSchemaLocation="https://maven.apache.org/surefire/maven-surefire-plugin/xsd/surefire-test-report.xsd" name="com.example.demo.HomeControllerTest" time="2.075" tests="1" errors="0" skipped="0" failures="1">
  <properties>
[...]
</properties>
  <testcase name="testHomePage" classname="com.example.demo.HomeControllerTest" time="0.159">
    <failure message="Status expected:&lt;200&gt; but was:&lt;404&gt;" type="java.lang.AssertionError"><![CDATA[java.lang.AssertionError: Status expected:<200> but was:<404>
	at com.example.demo.HomeControllerTest.testHomePage(HomeControllerTest.java:29)
]]></failure>
    <system-out><![CDATA[2019-02-05 16:36:15.553  INFO 6612 --- [           main] .b.t.a.w.s.WebMvcTestContextBootstrapper : Neither @ContextConfiguration nor @ContextHierarchy found for test class [com.example.demo.HomeControllerTest], using SpringBootContextLoader
2019-02-05 16:36:15.556  INFO 6612 --- [           main] o.s.t.c.support.AbstractContextLoader    : Could not detect default resource locations for test class [com.example.demo.HomeControllerTest]: no resource found for suffixes {-context.xml, Context.groovy}.
2019-02-05 16:36:15.556  INFO 6612 --- [           main] t.c.s.AnnotationConfigContextLoaderUtils : Could not detect default configuration classes for test class [com.example.demo.HomeControllerTest]: HomeControllerTest does not declare any static, non-private, non-final, nested classes annotated with @Configuration.
2019-02-05 16:36:15.619  INFO 6612 --- [           main] .b.t.c.SpringBootTestContextBootstrapper : Found @SpringBootConfiguration com.example.demo.DemoApplication for test class com.example.demo.HomeControllerTest
2019-02-05 16:36:15.621  INFO 6612 --- [           main] .b.t.a.w.s.WebMvcTestContextBootstrapper : Loaded default TestExecutionListener class names from location [META-INF/spring.factories]: [org.springframework.boot.test.mock.mockito.MockitoTestExecutionListener, org.springframework.boot.test.mock.mockito.ResetMocksTestExecutionListener, org.springframework.boot.test.autoconfigure.restdocs.RestDocsTestExecutionListener, org.springframework.boot.test.autoconfigure.web.client.MockRestServiceServerResetTestExecutionListener, org.springframework.boot.test.autoconfigure.web.servlet.MockMvcPrintOnlyOnFailureTestExecutionListener, org.springframework.boot.test.autoconfigure.web.servlet.WebDriverTestExecutionListener, org.springframework.test.context.web.ServletTestExecutionListener, org.springframework.test.context.support.DirtiesContextBeforeModesTestExecutionListener, org.springframework.test.context.support.DependencyInjectionTestExecutionListener, org.springframework.test.context.support.DirtiesContextTestExecutionListener, org.springframework.test.context.transaction.TransactionalTestExecutionListener, org.springframework.test.context.jdbc.SqlScriptsTestExecutionListener]
2019-02-05 16:36:15.625  INFO 6612 --- [           main] .b.t.a.w.s.WebMvcTestContextBootstrapper : Using TestExecutionListeners: [org.springframework.test.context.web.ServletTestExecutionListener@40709f9, org.springframework.test.context.support.DirtiesContextBeforeModesTestExecutionListener@6b1b19cf, org.springframework.boot.test.mock.mockito.MockitoTestExecutionListener@6393bf8b, org.springframework.boot.test.autoconfigure.SpringBootDependencyInjectionTestExecutionListener@76d7881e, org.springframework.test.context.support.DirtiesContextTestExecutionListener@4aa31ffc, org.springframework.boot.test.mock.mockito.ResetMocksTestExecutionListener@7945b206, org.springframework.boot.test.autoconfigure.restdocs.RestDocsTestExecutionListener@7d42542, org.springframework.boot.test.autoconfigure.web.client.MockRestServiceServerResetTestExecutionListener@4d09cade, org.springframework.boot.test.autoconfigure.web.servlet.MockMvcPrintOnlyOnFailureTestExecutionListener@1f87607c, org.springframework.boot.test.autoconfigure.web.servlet.WebDriverTestExecutionListener@4b862408]

  .   ____          _            __ _ _
 /\\ / ___'_ __ _ _(_)_ __  __ _ \ \ \ \
( ( )\___ | '_ | '_| | '_ \/ _` | \ \ \ \
 \\/  ___)| |_)| | | | | || (_| |  ) ) ) )
  '  |____| .__|_| |_|_| |_\__, | / / / /
 =========|_|==============|___/=/_/_/_/
 :: Spring Boot ::        (v2.1.2.RELEASE)

2019-02-05 16:36:15.728  INFO 6612 --- [           main] com.example.demo.HomeControllerTest      : Starting HomeControllerTest on admin with PID 6612 (started by Samsung in C:\Users\Samsung\IdeaProjects\CarRentBooking)
2019-02-05 16:36:15.731  INFO 6612 --- [           main] com.example.demo.HomeControllerTest      : No active profile set, falling back to default profiles: default
2019-02-05 16:36:16.795  INFO 6612 --- [           main] o.s.s.concurrent.ThreadPoolTaskExecutor  : Initializing ExecutorService 'applicationTaskExecutor'
2019-02-05 16:36:17.408  INFO 6612 --- [           main] o.s.b.t.m.w.SpringBootMockServletContext : Initializing Spring TestDispatcherServlet ''
2019-02-05 16:36:17.408  INFO 6612 --- [           main] o.s.t.web.servlet.TestDispatcherServlet  : Initializing Servlet ''
2019-02-05 16:36:17.445  INFO 6612 --- [           main] o.s.t.web.servlet.TestDispatcherServlet  : Completed initialization in 37 ms
2019-02-05 16:36:17.507  INFO 6612 --- [           main] com.example.demo.HomeControllerTest      : Started HomeControllerTest in 1.868 seconds (JVM running for 17.645)

MockHttpServletRequest:
      HTTP Method = GET
      Request URI = /
       Parameters = {}
          Headers = []
             Body = <no character encoding set>
    Session Attrs = {}

Handler:
             Type = org.springframework.web.servlet.resource.ResourceHttpRequestHandler

Async:
    Async started = false
     Async result = null

Resolved Exception:
             Type = null

ModelAndView:
        View name = null
             View = null
            Model = null

FlashMap:
       Attributes = null

MockHttpServletResponse:
           Status = 404
    Error message = null
          Headers = []
     Content type = null
             Body = 
    Forwarded URL = null
   Redirected URL = null
          Cookies = []
]]></system-out>
  </testcase>
</testsuite>